2008-10-08 17:41:52,762 INFO program starts at: 17:41:52 10/08/08 Eastern Daylight Time
2008-10-08 17:41:52,762 INFO total symbols to be processed is: [510]
2008-10-08 17:48:14,874 INFO Analysis for 20081008
2008-10-08 17:48:14,874 INFO total symbols to be processed is: [510]
2008-10-08 17:48:16,124 ERROR abnormalVol wrong with DPS
2008-10-08 17:48:16,124 ERROR <type 'exceptions.ValueError'>
2008-10-08 17:48:16,124 ERROR need more than 2 values to unpack
2008-10-08 17:48:16,138 ERROR abnormalVol wrong with ^RUT
2008-10-08 17:48:16,138 ERROR <type 'exceptions.ZeroDivisionError'>
2008-10-08 17:48:16,138 ERROR float division
2008-10-08 17:48:16,138 INFO Abnormal Volume List [73]:
2008-10-08 17:48:16,138 INFO DYN: price change 13.36%--volume change 1.72 : ('Energy', 'Oil & Gas Operations')
2008-10-08 17:48:16,138 INFO MON: price change 9.79%--volume change 2.15 : ('Basic Materials', 'Chemical Manufacturing')
2008-10-08 17:48:16,138 INFO AYE: price change 8.63%--volume change 2.55 : ('Utilities', 'Electric Utilities')
2008-10-08 17:48:16,138 INFO CAM: price change 8.11%--volume change 2.07 : ('Energy', 'Oil Well Services & Equipment')
2008-10-08 17:48:16,138 INFO ATI: price change 7.05%--volume change 1.89 : ('Basic Materials', 'Misc. Fabricated Products')
2008-10-08 17:48:16,138 INFO CTXS: price change 5.32%--volume change 1.63 : ('Technology', 'Software & Programming')
2008-10-08 17:48:16,138 INFO IGT: price change 5.12%--volume change 1.73 : ('Services', 'Casinos & Gaming')
2008-10-08 17:48:16,138 INFO PLL: price change 4.84%--volume change 1.53 : ('Technology', 'Scientific & Technical Instr.')
2008-10-08 17:48:16,138 INFO HAS: price change 4.23%--volume change 1.76 : ('Cons. Cyclical', 'Recreational Products')
2008-10-08 17:48:16,138 INFO X: price change 4.08%--volume change 2.22 : ('Basic Materials', 'Iron & Steel')
2008-10-08 17:48:16,138 INFO JEC: price change 4.03%--volume change 1.78 : ('Capital Goods', 'Construction Services')
2008-10-08 17:48:16,138 INFO NOV: price change 3.94%--volume change 1.91 : ('Energy', 'Oil Well Services & Equipment')
2008-10-08 17:48:16,138 INFO MA: price change 3.05%--volume change 1.57 : ('Services', 'Business Services')
2008-10-08 17:48:16,138 INFO RIG: price change 1.62%--volume change 2.12 : ('Energy', 'Oil Well Services & Equipment')
2008-10-08 17:48:16,138 INFO LLL: price change 1.59%--volume change 1.87 : ('Technology', 'Communications Equipment')
2008-10-08 17:48:16,138 INFO BTU: price change 1.33%--volume change 1.92 : ('Energy', 'Coal')
2008-10-08 17:48:16,138 INFO YUM: price change 1.09%--volume change 2.27 : ('Services', 'Restaurants')
2008-10-08 17:48:16,138 INFO KMB: price change 0.95%--volume change 1.81 : ('Basic Materials', 'Paper & Paper Products')
2008-10-08 17:48:16,138 INFO HPQ: price change 0.81%--volume change 1.50 : ('Technology', 'Computer Peripherals')
2008-10-08 17:48:16,138 INFO IR: price change 0.71%--volume change 1.60 : ('Capital Goods', 'Misc. Capital Goods')
2008-10-08 17:48:16,138 INFO BMY: price change 0.53%--volume change 1.80 : ('Healthcare', 'Major Drugs')
2008-10-08 17:48:16,138 INFO PDCO: price change 0.48%--volume change 1.59 : ('Healthcare', 'Medical Equipment & Supplies')
2008-10-08 17:48:16,138 INFO JNJ: price change -0.21%--volume change 1.69 : ('Healthcare', 'Major Drugs')
2008-10-08 17:48:16,138 INFO PG: price change -0.23%--volume change 1.78 : ('Cons. Non-Cyclical', 'Personal & Household Prods.')
2008-10-08 17:48:16,138 INFO CLX: price change -0.64%--volume change 1.87 : ('Cons. Non-Cyclical', 'Personal & Household Prods.')
2008-10-08 17:48:16,138 INFO SO: price change -0.76%--volume change 2.10 : ('Utilities', 'Electric Utilities')
2008-10-08 17:48:16,138 INFO MWV: price change -0.78%--volume change 1.52 : ('Basic Materials', 'Containers & Packaging')
2008-10-08 17:48:16,138 INFO NWL: price change -1.34%--volume change 1.85 : ('Cons. Non-Cyclical', 'Personal & Household Prods.')
2008-10-08 17:48:16,138 INFO CTSH: price change -1.36%--volume change 2.25 : ('Technology', 'Software & Programming')
2008-10-08 17:48:16,138 INFO TYC: price change -1.38%--volume change 1.68 : ('Conglomerates', 'Conglomerates')
2008-10-08 17:48:16,138 INFO BLL: price change -1.64%--volume change 1.94 : ('Basic Materials', 'Containers & Packaging')
2008-10-08 17:48:16,138 INFO GME: price change -1.76%--volume change 1.52 : ('Services', 'Retail (Technology)')
2008-10-08 17:48:16,138 INFO LH: price change -1.78%--volume change 1.62 : ('Healthcare', 'Healthcare Facilities')
2008-10-08 17:48:16,138 INFO LOW: price change -2.10%--volume change 1.52 : ('Services', 'Retail (Home Improvement)')
2008-10-08 17:48:16,138 INFO UPS: price change -2.18%--volume change 1.59 : ('Transportation', 'Air Courier')
2008-10-08 17:48:16,138 INFO GIS: price change -2.60%--volume change 1.99 : ('Cons. Non-Cyclical', 'Food Processing')
2008-10-08 17:48:16,138 INFO KSS: price change -2.65%--volume change 1.80 : ('Services', 'Retail (Department & Discount)')
2008-10-08 17:48:16,138 INFO CPWR: price change -2.80%--volume change 1.73 : ('Technology', 'Software & Programming')
2008-10-08 17:48:16,138 INFO RX: price change -2.96%--volume change 1.89 : ('Technology', 'Computer Services')
2008-10-08 17:48:16,138 INFO TIF: price change -3.04%--volume change 2.02 : ('Services', 'Retail (Specialty)')
2008-10-08 17:48:16,138 INFO BJS: price change -3.77%--volume change 1.85 : ('Energy', 'Oil Well Services & Equipment')
2008-10-08 17:48:16,138 INFO T: price change -3.92%--volume change 1.68 : ('Services', 'Communications Services')
2008-10-08 17:48:16,138 INFO NKE: price change -3.93%--volume change 1.54 : ('Cons. Cyclical', 'Footwear')
2008-10-08 17:48:16,138 INFO ETR: price change -4.07%--volume change 1.73 : ('Utilities', 'Electric Utilities')
2008-10-08 17:48:16,138 INFO MRO: price change -4.12%--volume change 1.63 : ('Energy', 'Oil & Gas - Integrated')
2008-10-08 17:48:16,138 INFO EXC: price change -4.17%--volume change 1.66 : ('Utilities', 'Electric Utilities')
2008-10-08 17:48:16,138 INFO BBY: price change -4.22%--volume change 1.62 : ('Services', 'Retail (Technology)')
2008-10-08 17:48:16,138 INFO FDX: price change -4.94%--volume change 1.92 : ('Transportation', 'Air Courier')
2008-10-08 17:48:16,138 INFO CCE: price change -5.08%--volume change 1.94 : ('Cons. Non-Cyclical', 'Beverages (Non-Alcoholic)')
2008-10-08 17:48:16,138 INFO XLNX: price change -5.11%--volume change 1.97 : ('Technology', 'Semiconductors')
2008-10-08 17:48:16,138 INFO HNZ: price change -5.23%--volume change 1.73 : ('Cons. Non-Cyclical', 'Food Processing')
2008-10-08 17:48:16,138 INFO JCP: price change -5.25%--volume change 1.74 : ('Services', 'Retail (Department & Discount)')
2008-10-08 17:48:16,138 INFO HSP: price change -5.27%--volume change 1.92 : ('Healthcare', 'Biotechnology & Drugs')
2008-10-08 17:48:16,138 INFO IBM: price change -5.33%--volume change 1.62 : ('Services', 'Business Services')
2008-10-08 17:48:16,138 INFO AKS: price change -5.41%--volume change 2.09 : ('Basic Materials', 'Iron & Steel')
2008-10-08 17:48:16,138 INFO SYY: price change -5.63%--volume change 1.87 : ('Services', 'Retail (Grocery)')
2008-10-08 17:48:16,138 INFO MDP: price change -5.64%--volume change 1.69 : ('Services', 'Printing & Publishing')
2008-10-08 17:48:16,138 INFO KG: price change -5.85%--volume change 1.62 : ('Healthcare', 'Biotechnology & Drugs')
2008-10-08 17:48:16,138 INFO SWN: price change -6.01%--volume change 1.82 : ('Energy', 'Oil & Gas Operations')
2008-10-08 17:48:16,138 INFO TRV: price change -6.92%--volume change 1.53 : ('Financial', 'Insurance (Prop. & Casualty)')
2008-10-08 17:48:16,138 INFO EFX: price change -7.01%--volume change 2.32 : ('Services', 'Business Services')
2008-10-08 17:48:16,154 INFO BAC: price change -7.03%--volume change 2.66 : ('Financial', 'Money Center Banks')
2008-10-08 17:48:16,154 INFO JDSU: price change -7.04%--volume change 1.87 : ('Technology', 'Communications Equipment')
2008-10-08 17:48:16,154 INFO EMN: price change -7.63%--volume change 2.14 : ('Basic Materials', 'Chemicals - Plastics & Rubber')
2008-10-08 17:48:16,154 INFO CI: price change -8.60%--volume change 1.72 : ('Financial', 'Insurance (Accident & Health)')
2008-10-08 17:48:16,154 INFO F: price change -8.90%--volume change 1.88 : ('Cons. Cyclical', 'Auto & Truck Manufacturers')
2008-10-08 17:48:16,154 INFO MYL: price change -9.27%--volume change 2.45 : ('Healthcare', 'Biotechnology & Drugs')
2008-10-08 17:48:16,154 INFO BSX: price change -10.14%--volume change 2.17 : ('Healthcare', 'Medical Equipment & Supplies')
2008-10-08 17:48:16,154 INFO AA: price change -11.97%--volume change 2.57 : ('Basic Materials', 'Metal Mining')
2008-10-08 17:48:16,154 INFO PFG: price change -19.81%--volume change 1.68 : ('Financial', 'Insurance (Life)')
2008-10-08 17:48:16,154 INFO ALL: price change -21.18%--volume change 2.13 : ('Financial', 'Insurance (Prop. & Casualty)')
2008-10-08 17:48:16,154 INFO XL: price change -27.67%--volume change 3.00 : ('Financial', 'Insurance (Prop. & Casualty)')
2008-10-08 17:48:16,154 INFO NRD List: ['ABC', 'ABI', 'ABT', 'AEE', 'AES', 'ALTR', 'AN', 'ANF', 'AXP', 'AZO', 'BBT', 'BCR', 'BF-B', 'BIIB', 'BJS', 'CA', 'CAG', 'CLX', 'COF', 'COL', 'CPWR', 'CSC', 'CTL', 'CTSH', 'D', 'DF', 'DHR', 'DIS', 'DPS', 'DRI', 'EIX', 'ESV', 'ETFC', 'EXPE', 'FISV', 'FLR', 'GAS', 'GENZ', 'GIS', 'HAL', 'HAR', 'HD', 'HON', 'HPC', 'HSY', 'IPG', 'ITW', 'JNY', 'JPM', 'KSS', 'LH', 'LLTC', 'MAR', 'MAT', 'MCD', 'MCO', 'MDT', 'MKC', 'MO', 'MRK', 'MRO', 'MSFT', 'MU', 'NI', 'NWL', 'NYX', 'PBG', 'PCG', 'PEG', 'PG', 'PGN', 'PH', 'PKI', 'PLD', 'PNC', 'PNW', 'PPL', 'PX', 'PXD', 'RRD', 'SEE', 'SGP', 'SNA', 'SO', 'STZ', 'SWN', 'SYK', 'TAP', 'TEL', 'TIF', 'TMO', 'TXT', 'TYC', 'UPS', 'UST', 'VAR', 'WAG', 'WAT', 'YHOO', '^GSPC', 'SPY']
2008-10-08 17:48:16,154 INFO TripleDown List: ['AA', 'ABI', 'AEP', 'AMD', 'AOC', 'AVP', 'BA', 'BEN', 'BRL', 'BSX', 'CAH', 'CCE', 'CEG', 'CI', 'CINF', 'CL', 'CMA', 'CMS', 'CNP', 'COF', 'COV', 'CPB', 'CPWR', 'CTAS', 'CVG', 'DF', 'DTE', 'DTV', 'EFX', 'EMN', 'EQ', 'ETR', 'EXC', 'F', 'FE', 'FHN', 'FPL', 'FTR', 'GIS', 'GLW', 'GM', 'GNW', 'HAL', 'HRB', 'HSP', 'HSY', 'IBM', 'IP', 'IPG', 'JNS', 'K', 'KFT', 'KG', 'KO', 'KR', 'L', 'LH', 'LLY', 'LNC', 'LUV', 'MAT', 'MDP', 'MDT', 'MHS', 'MIL', 'MOT', 'MU', 'MYL', 'NKE', 'NOC', 'NWL', 'NYX', 'PAYX', 'PBI', 'PEP', 'PFG', 'POM', 'PPL', 'PRU', 'PX', 'Q', 'RAI', 'RRD', 'RX', 'S', 'SBUX', 'SLM', 'SNI', 'SPLS', 'STI', 'STJ', 'SYMC', 'T', 'TMK', 'TXT', 'UIS', 'UNH', 'VFC', 'VZ', 'WIN', 'WMI', 'WPI', 'WYE', 'WYN', 'XL', 'XLNX', 'XRX', '^DJI', '^RUT']
2008-10-08 17:48:16,154 INFO TripleUp List: ['ICE', 'NYT']
2008-10-08 17:48:16,154 INFO Advance: 309, Decline: 189, Unch 2, Total: 500, Size: 510
2008-10-08 17:48:16,404 INFO new low List [222]: ['A', 'AA', 'ABC', 'ACAS', 'ADM', 'ADP', 'AEE', 'AEP', 'AET', 'AIV', 'AKS', 'ALL', 'AMD', 'AMP', 'ANF', 'APC', 'AVB', 'AVP', 'AXP', 'BA', 'BBY', 'BEN', 'BJS', 'BLL', 'BSX', 'BXP', 'CAG', 'CAH', 'CB', 'CBS', 'CCE', 'CCL', 'CHRW', 'CI', 'CL', 'CMS', 'CNP', 'COG', 'COH', 'COL', 'COST', 'CSC', 'CSCO', 'CTAS', 'CTSH', 'CVH', 'CVX', 'D', 'DDR', 'DELL', 'DHR', 'DIS', 'DOW', 'DPS', 'DTE', 'DUK', 'DVN', 'EFX', 'EIX', 'EMC', 'EMN', 'EQ', 'ERTS', 'ESV', 'ETR', 'EXC', 'EXPD', 'F', 'FDX', 'FE', 'FII', 'FISV', 'FPL', 'FTR', 'GLW', 'GM', 'GME', 'GNW', 'GOOG', 'GR', 'HAL', 'HAR', 'HD', 'HIG', 'HOG', 'HON', 'HRS', 'HSP', 'HST', 'IBM', 'IP', 'IPG', 'ITT', 'ITW', 'IVZ', 'JBL', 'JCP', 'JDSU', 'JNS', 'JWN', 'KG', 'KIM', 'KLAC', 'KO', 'KSS', 'L', 'LH', 'LLY', 'LM', 'LMT', 'LNC', 'LTD', 'LUK', 'M', 'MAR', 'MAT', 'MCHP', 'MCO', 'MDP', 'MDT', 'MET', 'MHS', 'MIL', 'MMM', 'MO', 'MOLX', 'MOT', 'MRK', 'MRO', 'MS', 'MSFT', 'MU', 'MWV', 'MYL', 'NBR', 'NE', 'NI', 'NOC', 'NSM', 'NWL', 'NWS-A', 'NYX', 'ODP', 'OMC', 'PAYX', 'PBG', 'PBI', 'PCAR', 'PCG', 'PCP', 'PEG', 'PFE', 'PFG', 'PH', 'PLD', 'PM', 'POM', 'PPL', 'PRU', 'PX', 'PXD', 'Q', 'RAI', 'RHI', 'ROK', 'RRD', 'RTN', 'RX', 'S', 'SBUX', 'SE', 'SLE', 'SLM', 'SNI', 'SPLS', 'STJ', 'STZ', 'SWN', 'SYK', 'SYMC', 'SYY', 'T', 'TAP', 'TE', 'TEL', 'TER', 'TEX', 'TIF', 'TMK', 'TMO', 'TRV', 'TSO', 'TSS', 'TXN', 'TXT', 'TYC', 'UIS', 'UNH', 'UTX', 'VFC', 'VIA-B', 'VLO', 'VZ', 'WAG', 'WIN', 'WMI', 'WPI', 'WPO', 'WYE', 'WYN', 'XL', 'XRX', 'YHOO', '^DJI', '^GSPC', '^IXIC', '^RUT', '^HSI', 'SPY', 'QQQQ', 'IWM', 'GA']
2008-10-08 17:48:16,404 INFO A: ('Technology', 'Electronic Instr. & Controls')
2008-10-08 17:48:16,404 INFO AA: ('Basic Materials', 'Metal Mining')
2008-10-08 17:48:16,404 INFO ABC: ('Healthcare', 'Biotechnology & Drugs')
2008-10-08 17:48:16,404 INFO ACAS: ('Financial', 'Misc. Financial Services')
2008-10-08 17:48:16,404 INFO ADM: ('Cons. Non-Cyclical', 'Food Processing')
2008-10-08 17:48:16,404 INFO ADP: ('Services', 'Business Services')
2008-10-08 17:48:16,404 INFO AEE: ('Utilities', 'Electric Utilities')
2008-10-08 17:48:16,404 INFO AEP: ('Utilities', 'Electric Utilities')
2008-10-08 17:48:16,404 INFO AET: ('Financial', 'Insurance (Accident & Health)')
2008-10-08 17:48:16,404 INFO AIV: ('Services', 'Real Estate Operations')
2008-10-08 17:48:16,404 INFO AKS: ('Basic Materials', 'Iron & Steel')
2008-10-08 17:48:16,404 INFO ALL: ('Financial', 'Insurance (Prop. & Casualty)')
2008-10-08 17:48:16,404 INFO AMD: ('Technology', 'Semiconductors')
2008-10-08 17:48:16,404 INFO AMP: ('Financial', 'Investment Services')
2008-10-08 17:48:16,404 INFO ANF: ('Services', 'Retail (Apparel)')
2008-10-08 17:48:16,404 INFO APC: ('Energy', 'Oil & Gas Operations')
2008-10-08 17:48:16,404 INFO AVB: ('Services', 'Real Estate Operations')
2008-10-08 17:48:16,404 INFO AVP: ('Cons. Non-Cyclical', 'Personal & Household Prods.')
2008-10-08 17:48:16,404 INFO AXP: ('Financial', 'Consumer Financial Services')
2008-10-08 17:48:16,404 INFO BA: ('Capital Goods', 'Aerospace & Defense')
2008-10-08 17:48:16,404 INFO BBY: ('Services', 'Retail (Technology)')
2008-10-08 17:48:16,404 INFO BEN: ('Financial', 'Investment Services')
2008-10-08 17:48:16,404 INFO BJS: ('Energy', 'Oil Well Services & Equipment')
2008-10-08 17:48:16,404 INFO BLL: ('Basic Materials', 'Containers & Packaging')
2008-10-08 17:48:16,404 INFO BSX: ('Healthcare', 'Medical Equipment & Supplies')
2008-10-08 17:48:16,404 INFO BXP: ('Services', 'Real Estate Operations')
2008-10-08 17:48:16,404 INFO CAG: ('Cons. Non-Cyclical', 'Food Processing')
2008-10-08 17:48:16,404 INFO CAH: ('Healthcare', 'Biotechnology & Drugs')
2008-10-08 17:48:16,404 INFO CB: ('Financial', 'Insurance (Prop. & Casualty)')
2008-10-08 17:48:16,404 INFO CBS: ('Services', 'Broadcasting & Cable TV')
2008-10-08 17:48:16,404 INFO CCE: ('Cons. Non-Cyclical', 'Beverages (Non-Alcoholic)')
2008-10-08 17:48:16,404 INFO CCL: ('Services', 'Recreational Activities')
2008-10-08 17:48:16,404 INFO CHRW: ('Transportation', 'Misc. Transportation')
2008-10-08 17:48:16,404 INFO CI: ('Financial', 'Insurance (Accident & Health)')
2008-10-08 17:48:16,404 INFO CL: ('Cons. Non-Cyclical', 'Personal & Household Prods.')
2008-10-08 17:48:16,404 INFO CMS: ('Utilities', 'Electric Utilities')
2008-10-08 17:48:16,404 INFO CNP: ('Utilities', 'Electric Utilities')
2008-10-08 17:48:16,404 INFO COG: ('Energy', 'Oil & Gas Operations')
2008-10-08 17:48:16,404 INFO COH: ('Cons. Cyclical', 'Apparel/Accessories')
2008-10-08 17:48:16,404 INFO COL: ('Capital Goods', 'Aerospace & Defense')
2008-10-08 17:48:16,404 INFO COST: ('Services', 'Retail (Specialty)')
2008-10-08 17:48:16,404 INFO CSC: ('Technology', 'Computer Services')
2008-10-08 17:48:16,404 INFO CSCO: ('Technology', 'Computer Peripherals')
2008-10-08 17:48:16,404 INFO CTAS: ('Services', 'Personal Services')
2008-10-08 17:48:16,404 INFO CTSH: ('Technology', 'Software & Programming')
2008-10-08 17:48:16,404 INFO CVH: ('Financial', 'Insurance (Accident & Health)')
2008-10-08 17:48:16,404 INFO CVX: ('Energy', 'Oil & Gas - Integrated')
2008-10-08 17:48:16,404 INFO D: ('Utilities', 'Electric Utilities')
2008-10-08 17:48:16,404 INFO DDR: ('Services', 'Real Estate Operations')
2008-10-08 17:48:16,404 INFO DELL: ('Technology', 'Computer Hardware')
2008-10-08 17:48:16,404 INFO DHR: ('Technology', 'Scientific & Technical Instr.')
2008-10-08 17:48:16,404 INFO DIS: ('Services', 'Broadcasting & Cable TV')
2008-10-08 17:48:16,404 INFO DOW: ('Basic Materials', 'Chemicals - Plastics & Rubber')
2008-10-08 17:48:16,404 INFO DPS: ('Cons. Non-Cyclical', 'Beverages (Non-Alcoholic)')
2008-10-08 17:48:16,404 INFO DTE: ('Utilities', 'Electric Utilities')
2008-10-08 17:48:16,404 INFO DUK: ('Utilities', 'Electric Utilities')
2008-10-08 17:48:16,404 INFO DVN: ('Energy', 'Oil & Gas Operations')
2008-10-08 17:48:16,404 INFO EFX: ('Services', 'Business Services')
2008-10-08 17:48:16,404 INFO EIX: ('Utilities', 'Electric Utilities')
2008-10-08 17:48:16,404 INFO EMC: ('Technology', 'Computer Storage Devices')
2008-10-08 17:48:16,404 INFO EMN: ('Basic Materials', 'Chemicals - Plastics & Rubber')
2008-10-08 17:48:16,404 INFO EQ: ('Services', 'Communications Services')
2008-10-08 17:48:16,404 INFO ERTS: ('Technology', 'Software & Programming')
2008-10-08 17:48:16,404 INFO ESV: ('Energy', 'Oil Well Services & Equipment')
2008-10-08 17:48:16,404 INFO ETR: ('Utilities', 'Electric Utilities')
2008-10-08 17:48:16,404 INFO EXC: ('Utilities', 'Electric Utilities')
2008-10-08 17:48:16,404 INFO EXPD: ('Transportation', 'Misc. Transportation')
2008-10-08 17:48:16,404 INFO F: ('Cons. Cyclical', 'Auto & Truck Manufacturers')
2008-10-08 17:48:16,404 INFO FDX: ('Transportation', 'Air Courier')
2008-10-08 17:48:16,404 INFO FE: ('Utilities', 'Electric Utilities')
2008-10-08 17:48:16,404 INFO FII: ('Financial', 'Investment Services')
2008-10-08 17:48:16,404 INFO FISV: ('Technology', 'Computer Services')
2008-10-08 17:48:16,404 INFO FPL: ('Utilities', 'Electric Utilities')
2008-10-08 17:48:16,404 INFO FTR: ('Services', 'Communications Services')
2008-10-08 17:48:16,404 INFO GLW: ('Technology', 'Communications Equipment')
2008-10-08 17:48:16,404 INFO GM: ('Cons. Cyclical', 'Auto & Truck Manufacturers')
2008-10-08 17:48:16,404 INFO GME: ('Services', 'Retail (Technology)')
2008-10-08 17:48:16,404 INFO GNW: ('Financial', 'Insurance (Life)')
2008-10-08 17:48:16,404 INFO GOOG: ('Technology', 'Computer Services')
2008-10-08 17:48:16,404 INFO GR: ('Capital Goods', 'Aerospace & Defense')
2008-10-08 17:48:16,404 INFO HAL: ('Energy', 'Oil Well Services & Equipment')
2008-10-08 17:48:16,404 INFO HAR: ('Cons. Cyclical', 'Audio & Video Equipment')
2008-10-08 17:48:16,404 INFO HD: ('Services', 'Retail (Home Improvement)')
2008-10-08 17:48:16,404 INFO HIG: ('Financial', 'Insurance (Prop. & Casualty)')
2008-10-08 17:48:16,404 INFO HOG: ('Cons. Cyclical', 'Recreational Products')
2008-10-08 17:48:16,404 INFO HON: ('Capital Goods', 'Aerospace & Defense')
2008-10-08 17:48:16,404 INFO HRS: ('Technology', 'Communications Equipment')
2008-10-08 17:48:16,404 INFO HSP: ('Healthcare', 'Biotechnology & Drugs')
2008-10-08 17:48:16,421 INFO HST: ('Services', 'Real Estate Operations')
2008-10-08 17:48:16,421 INFO IBM: ('Services', 'Business Services')
2008-10-08 17:48:16,421 INFO IP: ('Basic Materials', 'Paper & Paper Products')
2008-10-08 17:48:16,421 INFO IPG: ('Services', 'Advertising')
2008-10-08 17:48:16,421 INFO ITT: ('Capital Goods', 'Misc. Capital Goods')
2008-10-08 17:48:16,421 INFO ITW: ('Capital Goods', 'Misc. Capital Goods')
2008-10-08 17:48:16,421 INFO IVZ: ('Financial', 'Investment Services')
2008-10-08 17:48:16,421 INFO JBL: ('Technology', 'Electronic Instr. & Controls')
2008-10-08 17:48:16,421 INFO JCP: ('Services', 'Retail (Department & Discount)')
2008-10-08 17:48:16,421 INFO JDSU: ('Technology', 'Communications Equipment')
2008-10-08 17:48:16,421 INFO JNS: ('Financial', 'Investment Services')
2008-10-08 17:48:16,421 INFO JWN: ('Services', 'Retail (Apparel)')
2008-10-08 17:48:16,421 INFO KG: ('Healthcare', 'Biotechnology & Drugs')
2008-10-08 17:48:16,421 INFO KIM: ('Services', 'Real Estate Operations')
2008-10-08 17:48:16,421 INFO KLAC: ('Technology', 'Semiconductors')
2008-10-08 17:48:16,421 INFO KO: ('Cons. Non-Cyclical', 'Beverages (Non-Alcoholic)')
2008-10-08 17:48:16,421 INFO KSS: ('Services', 'Retail (Department & Discount)')
2008-10-08 17:48:16,421 INFO L: ('Financial', 'Insurance (Prop. & Casualty)')
2008-10-08 17:48:16,421 INFO LH: ('Healthcare', 'Healthcare Facilities')
2008-10-08 17:48:16,421 INFO LLY: ('Healthcare', 'Major Drugs')
2008-10-08 17:48:16,421 INFO LM: ('Financial', 'Investment Services')
2008-10-08 17:48:16,421 INFO LMT: ('Capital Goods', 'Aerospace & Defense')
2008-10-08 17:48:16,421 INFO LNC: ('Financial', 'Insurance (Life)')
2008-10-08 17:48:16,421 INFO LTD: ('Services', 'Retail (Apparel)')
2008-10-08 17:48:16,421 INFO LUK: ('Conglomerates', 'Conglomerates')
2008-10-08 17:48:16,421 INFO M: ('Services', 'Retail (Department & Discount)')
2008-10-08 17:48:16,421 INFO MAR: ('Services', 'Hotels & Motels')
2008-10-08 17:48:16,421 INFO MAT: ('Cons. Cyclical', 'Recreational Products')
2008-10-08 17:48:16,421 INFO MCHP: ('Technology', 'Semiconductors')
2008-10-08 17:48:16,421 INFO MCO: ('Services', 'Business Services')
2008-10-08 17:48:16,421 INFO MDP: ('Services', 'Printing & Publishing')
2008-10-08 17:48:16,421 INFO MDT: ('Healthcare', 'Medical Equipment & Supplies')
2008-10-08 17:48:16,421 INFO MET: ('Financial', 'Insurance (Miscellaneous)')
2008-10-08 17:48:16,421 INFO MHS: ('Services', 'Retail (Drugs)')
2008-10-08 17:48:16,421 INFO MIL: ('Technology', 'Scientific & Technical Instr.')
2008-10-08 17:48:16,421 INFO MMM: ('Conglomerates', 'Conglomerates')
2008-10-08 17:48:16,421 INFO MO: ('Cons. Non-Cyclical', 'Tobacco')
2008-10-08 17:48:16,421 INFO MOLX: ('Technology', 'Electronic Instr. & Controls')
2008-10-08 17:48:16,421 INFO MOT: ('Technology', 'Communications Equipment')
2008-10-08 17:48:16,421 INFO MRK: ('Healthcare', 'Major Drugs')
2008-10-08 17:48:16,421 INFO MRO: ('Energy', 'Oil & Gas - Integrated')
2008-10-08 17:48:16,421 INFO MS: ('Financial', 'Investment Services')
2008-10-08 17:48:16,421 INFO MSFT: ('Technology', 'Software & Programming')
2008-10-08 17:48:16,421 INFO MU: ('Technology', 'Computer Storage Devices')
2008-10-08 17:48:16,421 INFO MWV: ('Basic Materials', 'Containers & Packaging')
2008-10-08 17:48:16,421 INFO MYL: ('Healthcare', 'Biotechnology & Drugs')
2008-10-08 17:48:16,421 INFO NBR: ('Energy', 'Oil Well Services & Equipment')
2008-10-08 17:48:16,421 INFO NE: ('Energy', 'Oil Well Services & Equipment')
2008-10-08 17:48:16,421 INFO NI: ('Utilities', 'Natural Gas Utilities')
2008-10-08 17:48:16,421 INFO NOC: ('Capital Goods', 'Aerospace & Defense')
2008-10-08 17:48:16,421 INFO NSM: ('Technology', 'Semiconductors')
2008-10-08 17:48:16,421 INFO NWL: ('Cons. Non-Cyclical', 'Personal & Household Prods.')
2008-10-08 17:48:16,421 INFO NWS-A: ('Services', 'Printing & Publishing')
2008-10-08 17:48:16,421 INFO NYX: ('Financial', 'Investment Services')
2008-10-08 17:48:16,421 INFO ODP: ('Services', 'Retail (Specialty)')
2008-10-08 17:48:16,421 INFO OMC: ('Services', 'Advertising')
2008-10-08 17:48:16,421 INFO PAYX: ('Services', 'Business Services')
2008-10-08 17:48:16,421 INFO PBG: ('Cons. Non-Cyclical', 'Beverages (Non-Alcoholic)')
2008-10-08 17:48:16,421 INFO PBI: ('Technology', 'Office Equipment')
2008-10-08 17:48:16,421 INFO PCAR: ('Cons. Cyclical', 'Auto & Truck Manufacturers')
2008-10-08 17:48:16,421 INFO PCG: ('Utilities', 'Electric Utilities')
2008-10-08 17:48:16,421 INFO PCP: ('Capital Goods', 'Constr. - Supplies & Fixtures')
2008-10-08 17:48:16,421 INFO PEG: ('Utilities', 'Electric Utilities')
2008-10-08 17:48:16,421 INFO PFE: ('Healthcare', 'Major Drugs')
2008-10-08 17:48:16,421 INFO PFG: ('Financial', 'Insurance (Life)')
2008-10-08 17:48:16,421 INFO PH: ('Basic Materials', 'Misc. Fabricated Products')
2008-10-08 17:48:16,421 INFO PLD: ('Services', 'Real Estate Operations')
2008-10-08 17:48:16,421 INFO PM: ('Cons. Non-Cyclical', 'Tobacco')
2008-10-08 17:48:16,421 INFO POM: ('Utilities', 'Electric Utilities')
2008-10-08 17:48:16,421 INFO PPL: ('Utilities', 'Electric Utilities')
2008-10-08 17:48:16,421 INFO PRU: ('Financial', 'Insurance (Life)')
2008-10-08 17:48:16,421 INFO PX: ('Basic Materials', 'Chemical Manufacturing')
2008-10-08 17:48:16,421 INFO PXD: ('Energy', 'Oil & Gas Operations')
2008-10-08 17:48:16,421 INFO Q: ('Services', 'Communications Services')
2008-10-08 17:48:16,421 INFO RAI: ('Cons. Non-Cyclical', 'Tobacco')
2008-10-08 17:48:16,421 INFO RHI: ('Services', 'Business Services')
2008-10-08 17:48:16,421 INFO ROK: ('Technology', 'Electronic Instr. & Controls')
2008-10-08 17:48:16,421 INFO RRD: ('Services', 'Printing & Publishing')
2008-10-08 17:48:16,421 INFO RTN: ('Conglomerates', 'Conglomerates')
2008-10-08 17:48:16,421 INFO RX: ('Technology', 'Computer Services')
2008-10-08 17:48:16,421 INFO S: ('Services', 'Communications Services')
2008-10-08 17:48:16,421 INFO SBUX: ('Services', 'Restaurants')
2008-10-08 17:48:16,421 INFO SE: ('Utilities', 'Electric Utilities')
2008-10-08 17:48:16,421 INFO SLE: ('Cons. Non-Cyclical', 'Food Processing')
2008-10-08 17:48:16,421 INFO SLM: ('Financial', 'Consumer Financial Services')
2008-10-08 17:48:16,421 INFO SNI: ('Technology', 'Computer Services')
2008-10-08 17:48:16,421 INFO SPLS: ('Services', 'Retail (Specialty)')
2008-10-08 17:48:16,421 INFO STJ: ('Healthcare', 'Medical Equipment & Supplies')
2008-10-08 17:48:16,421 INFO STZ: ('Cons. Non-Cyclical', 'Beverages (Alcoholic)')
2008-10-08 17:48:16,421 INFO SWN: ('Energy', 'Oil & Gas Operations')
2008-10-08 17:48:16,421 INFO SYK: ('Healthcare', 'Medical Equipment & Supplies')
2008-10-08 17:48:16,421 INFO SYMC: ('Technology', 'Software & Programming')
2008-10-08 17:48:16,421 INFO SYY: ('Services', 'Retail (Grocery)')
2008-10-08 17:48:16,421 INFO T: ('Services', 'Communications Services')
2008-10-08 17:48:16,421 INFO TAP: ('Cons. Non-Cyclical', 'Beverages (Alcoholic)')
2008-10-08 17:48:16,421 INFO TE: ('Utilities', 'Electric Utilities')
2008-10-08 17:48:16,421 INFO TEL: ('Technology', 'Electronic Instr. & Controls')
2008-10-08 17:48:16,421 INFO TER: ('Technology', 'Semiconductors')
2008-10-08 17:48:16,421 INFO TEX: ('Capital Goods', 'Misc. Capital Goods')
2008-10-08 17:48:16,421 INFO TIF: ('Services', 'Retail (Specialty)')
2008-10-08 17:48:16,421 INFO TMK: ('Financial', 'Insurance (Accident & Health)')
2008-10-08 17:48:16,421 INFO TMO: ('Technology', 'Scientific & Technical Instr.')
2008-10-08 17:48:16,421 INFO TRV: ('Financial', 'Insurance (Prop. & Casualty)')
2008-10-08 17:48:16,421 INFO TSO: ('Energy', 'Oil & Gas Operations')
2008-10-08 17:48:16,421 INFO TSS: ('Technology', 'Computer Services')
2008-10-08 17:48:16,436 INFO TXN: ('Technology', 'Semiconductors')
2008-10-08 17:48:16,436 INFO TXT: ('Conglomerates', 'Conglomerates')
2008-10-08 17:48:16,436 INFO TYC: ('Conglomerates', 'Conglomerates')
2008-10-08 17:48:16,436 INFO UIS: ('Technology', 'Computer Services')
2008-10-08 17:48:16,436 INFO UNH: ('Financial', 'Insurance (Accident & Health)')
2008-10-08 17:48:16,436 INFO UTX: ('Conglomerates', 'Conglomerates')
2008-10-08 17:48:16,436 INFO VFC: ('Cons. Cyclical', 'Apparel/Accessories')
2008-10-08 17:48:16,436 INFO VIA-B: ('Services', 'Broadcasting & Cable TV')
2008-10-08 17:48:16,436 INFO VLO: ('Energy', 'Oil & Gas Operations')
2008-10-08 17:48:16,436 INFO VZ: ('Services', 'Communications Services')
2008-10-08 17:48:16,436 INFO WAG: ('Services', 'Retail (Drugs)')
2008-10-08 17:48:16,436 INFO WIN: ('Services', 'Communications Services')
2008-10-08 17:48:16,436 INFO WMI: ('Services', 'Waste Management Services')
2008-10-08 17:48:16,436 INFO WPI: ('Healthcare', 'Biotechnology & Drugs')
2008-10-08 17:48:16,436 INFO WPO: ('Services', 'Printing & Publishing')
2008-10-08 17:48:16,436 INFO WYE: ('Healthcare', 'Major Drugs')
2008-10-08 17:48:16,436 INFO WYN: ('Services', 'Hotels & Motels')
2008-10-08 17:48:16,436 INFO XL: ('Financial', 'Insurance (Prop. & Casualty)')
2008-10-08 17:48:16,436 INFO XRX: ('Technology', 'Office Equipment')
2008-10-08 17:48:16,436 INFO YHOO: ('Services', 'Business Services')
2008-10-08 17:48:16,436 ERROR Not industry info for: ^DJI
2008-10-08 17:48:16,436 ERROR Not industry info for: ^GSPC
2008-10-08 17:48:16,436 ERROR Not industry info for: ^IXIC
2008-10-08 17:48:16,436 ERROR Not industry info for: ^RUT
2008-10-08 17:48:16,436 ERROR Not industry info for: ^HSI
2008-10-08 17:48:16,436 ERROR Not industry info for: SPY
2008-10-08 17:48:16,436 ERROR Not industry info for: QQQQ
2008-10-08 17:48:16,436 ERROR Not industry info for: IWM
2008-10-08 17:48:16,436 ERROR Not industry info for: GA
2008-10-08 17:48:16,436 INFO new high List [1]: ['DPS']
2008-10-08 17:48:16,436 INFO DPS: ('Cons. Non-Cyclical', 'Beverages (Non-Alcoholic)')
2008-10-08 17:48:16,436 ERROR candlePattern wrong with DPS
2008-10-08 17:48:16,436 ERROR <type 'exceptions.ValueError'>
2008-10-08 17:48:16,436 ERROR need more than 2 values to unpack
2008-10-08 17:48:16,451 INFO Bullish patterns:----------
2008-10-08 17:48:16,451 INFO Morning Star List (0): {}
2008-10-08 17:48:16,451 INFO Piercing List (0): {}
2008-10-08 17:48:16,451 INFO Harami List (0): {}
2008-10-08 17:48:16,451 INFO Bearish patterns:----------
2008-10-08 17:48:16,451 INFO Evening Star List (0): {}
2008-10-08 17:48:16,451 INFO Shotting Star List (0): {}
2008-10-08 17:48:16,451 INFO Dark Cloud Cover List (9): {-100: ['AIG', 'BNI', 'CF', 'CMI', 'FII', 'LIZ', 'RSH', 'SNDK', 'XOM']}
2008-10-08 17:48:16,499 INFO program took 383.737 s
2008-10-08 17:48:16,499 INFO program ends at: 17:48:16 10/08/08 Eastern Daylight Time
