2008-10-24 14:10:55,289 INFO program starts at: 14:10:55 10/24/08 Eastern Daylight Time
2008-10-24 14:10:55,305 INFO total symbols to be processed is: [510]
2008-10-24 14:22:14,529 INFO Analysis for 20081024
2008-10-24 14:22:14,543 INFO total symbols to be processed is: [510]
2008-10-24 14:22:15,776 ERROR abnormalVol wrong with ^RUT
2008-10-24 14:22:15,776 ERROR <type 'exceptions.ZeroDivisionError'>
2008-10-24 14:22:15,776 ERROR float division
2008-10-24 14:22:15,776 INFO Abnormal Volume List [2]:
2008-10-24 14:22:15,776 INFO PNC: price change 0.91%--volume change 1.90 : ('Financial', 'Regional Banks')
2008-10-24 14:22:15,776 INFO NCC: price change -27.27%--volume change 1.73 : ('Financial', 'Regional Banks')
2008-10-24 14:22:15,776 INFO NRD List: ['AA', 'ABC', 'ACS', 'ADM', 'AEE', 'AIV', 'ANF', 'AYE', 'AZO', 'BEN', 'BF-B', 'BK', 'BLL', 'BMY', 'BRL', 'BXP', 'C', 'CAH', 'CBS', 'CL', 'CMCSA', 'CME', 'CNP', 'COP', 'CSCO', 'CTAS', 'CVX', 'DD', 'DDS', 'DTE', 'DUK', 'ED', 'EIX', 'EL', 'EMR', 'ESV', 'ETFC', 'EXPD', 'FAST', 'FDX', 'FHN', 'FISV', 'FTR', 'GCI', 'GE', 'GILD', 'GIS', 'GPC', 'GR', 'GT', 'HCBK', 'HCP', 'HRB', 'HRS', 'HSP', 'HST', 'HSY', 'IPG', 'ISRG', 'JPM', 'JWN', 'KFT', 'KO', 'KR', 'LOW', 'M', 'MCD', 'MCK', 'MCO', 'MDP', 'MHS', 'MMC', 'MMM', 'MON', 'MS', 'NBR', 'NKE', 'NWL', 'ODP', 'PCG', 'PEG', 'PGR', 'PLL', 'PM', 'POM', 'PPL', 'PX', 'RAI', 'RL', 'SCHW', 'SHW', 'SLE', 'SRE', 'STR', 'STZ', 'SVU', 'SWY', 'TAP', 'TE', 'TJX', 'UNH', 'VFC', 'VMC', 'WFT', 'WIN', 'WMB', 'WMI', 'XL', 'ZMH', '^RUT']
2008-10-24 14:22:15,792 INFO TripleDown List: ['AIV', 'ALL', 'AN', 'AVP', 'CAG', 'CAH', 'CBE', 'CME', 'CTSH', 'EXPE', 'FAST', 'GGP', 'GM', 'HNZ', 'HOG', 'HPC', 'HRB', 'HST', 'KMB', 'LLY', 'LUV', 'MTG', 'MWV', 'MYL', 'NBR', 'ODP', 'RRC', 'S', 'SPG', 'TEL', 'TIF', 'UIS', 'WIN', 'WY']
2008-10-24 14:22:15,792 INFO TripleUp List: ['CHRW', 'EBAY', 'FRX', 'LO', 'MO', 'SEE', 'TRV']
2008-10-24 14:22:15,792 INFO Advance: 393, Decline: 107, Unch 0, Total: 500, Size: 510
2008-10-24 14:22:16,042 INFO new low List [291]: ['A', 'AA', 'ACAS', 'ACS', 'ADBE', 'ADI', 'ADSK', 'AES', 'AGN', 'AIG', 'AIV', 'AKAM', 'ALL', 'AMAT', 'AMD', 'AMP', 'AMT', 'AMZN', 'AN', 'ANF', 'AOC', 'APD', 'APH', 'ASH', 'ATI', 'AVB', 'AVP', 'AVY', 'AW', 'BBBY', 'BBY', 'BDK', 'BDX', 'BEN', 'BF-B', 'BHI', 'BLL', 'BXP', 'C', 'CA', 'CAG', 'CAH', 'CAM', 'CAT', 'CBE', 'CBG', 'CBS', 'CCE', 'CCL', 'CF', 'CL', 'CMCSA', 'CME', 'CMI', 'CNX', 'COL', 'COP', 'COST', 'CPWR', 'CRM', 'CSC', 'CSCO', 'CTAS', 'CTL', 'CTX', 'CVG', 'CVH', 'DD', 'DDS', 'DE', 'DELL', 'DHI', 'DIS', 'DOV', 'DPS', 'DRI', 'DTV', 'EBAY', 'ECL', 'EFX', 'EK', 'EL', 'EMN', 'EMR', 'EQR', 'ERTS', 'ESRX', 'ESV', 'ETFC', 'EXC', 'EXPE', 'F', 'FAST', 'FCX', 'FDX', 'FIS', 'FISV', 'FLR', 'FLS', 'FRX', 'FTR', 'GCI', 'GD', 'GE', 'GGP', 'GLW', 'GME', 'GPS', 'GT', 'GWW', 'HAR', 'HCP', 'HD', 'HNZ', 'HOG', 'HON', 'HPC', 'HPQ', 'HRB', 'HRS', 'HSP', 'HST', 'IBM', 'ICE', 'IFF', 'IGT', 'INTC', 'INTU', 'IP', 'IPG', 'IR', 'ISRG', 'ITT', 'ITW', 'IVZ', 'JAVA', 'JCI', 'JCP', 'JDSU', 'JEC', 'JNS', 'JNY', 'JWN', 'KBH', 'KIM', 'KLAC', 'KMB', 'KO', 'KSS', 'LEN', 'LIZ', 'LLL', 'LLTC', 'LM', 'LMT', 'LOW', 'LSI', 'LTD', 'LUK', 'LUV', 'LXK', 'MA', 'MAS', 'MAT', 'MCO', 'MDP', 'MDT', 'MEE', 'MHP', 'MHS', 'MIL', 'MKC', 'MNST', 'MOLX', 'MON', 'MTG', 'MTW', 'MU', 'MUR', 'MWV', 'MYL', 'NBR', 'NE', 'NEM', 'NKE', 'NOVL', 'NTAP', 'NTRS', 'NVDA', 'NVLS', 'NWL', 'NWS-A', 'NYT', 'ODP', 'OMC', 'PAYX', 'PBG', 'PBI', 'PCAR', 'PCL', 'PCP', 'PDCO', 'PEP', 'PG', 'PGR', 'PH', 'PKI', 'PLD', 'PLL', 'PNW', 'PPL', 'PX', 'PXD', 'QCOM', 'QLGC', 'R', 'RDC', 'RHI', 'RIG', 'RL', 'ROK', 'RRD', 'RSH', 'RTN', 'RX', 'SBUX', 'SCHW', 'SHLD', 'SIAL', 'SII', 'SLB', 'SNA', 'SNDK', 'SNI', 'SOV', 'SPG', 'SPLS', 'SRE', 'STZ', 'SUN', 'SVU', 'SWK', 'SYK', 'SYMC', 'SYY', 'TDC', 'TEL', 'TER', 'TEX', 'TGT', 'TIE', 'TIF', 'TJX', 'TMO', 'TROW', 'TSN', 'TSS', 'TWX', 'TYC', 'UIS', 'UPS', 'VFC', 'VLO', 'VMC', 'VNO', 'VRSN', 'VZ', 'WAT', 'WFMI', 'WFT', 'WHR', 'WIN', 'WPO', 'WU', 'WY', 'WYN', 'X', 'XEL', 'XLNX', 'XRX', 'YUM', 'ZMH', '^DJI', '^GSPC', '^IXIC', '^RUT', '^HSI', 'SPY', 'QQQQ', 'IWM', 'LDK']
2008-10-24 14:22:16,042 INFO A: ('Technology', 'Electronic Instr. & Controls')
2008-10-24 14:22:16,042 INFO AA: ('Basic Materials', 'Metal Mining')
2008-10-24 14:22:16,042 INFO ACAS: ('Financial', 'Misc. Financial Services')
2008-10-24 14:22:16,042 INFO ACS: ('Technology', 'Computer Services')
2008-10-24 14:22:16,042 INFO ADBE: ('Technology', 'Software & Programming')
2008-10-24 14:22:16,042 INFO ADI: ('Technology', 'Semiconductors')
2008-10-24 14:22:16,042 INFO ADSK: ('Technology', 'Software & Programming')
2008-10-24 14:22:16,042 INFO AES: ('Utilities', 'Electric Utilities')
2008-10-24 14:22:16,042 INFO AGN: ('Healthcare', 'Biotechnology & Drugs')
2008-10-24 14:22:16,042 INFO AIG: ('Financial', 'Insurance (Prop. & Casualty)')
2008-10-24 14:22:16,042 INFO AIV: ('Services', 'Real Estate Operations')
2008-10-24 14:22:16,042 INFO AKAM: ('Technology', 'Computer Services')
2008-10-24 14:22:16,042 INFO ALL: ('Financial', 'Insurance (Prop. & Casualty)')
2008-10-24 14:22:16,042 INFO AMAT: ('Technology', 'Semiconductors')
2008-10-24 14:22:16,042 INFO AMD: ('Technology', 'Semiconductors')
2008-10-24 14:22:16,042 INFO AMP: ('Financial', 'Investment Services')
2008-10-24 14:22:16,042 INFO AMT: ('Services', 'Communications Services')
2008-10-24 14:22:16,042 INFO AMZN: ('Services', 'Retail (Specialty)')
2008-10-24 14:22:16,042 INFO AN: ('Services', 'Retail (Specialty)')
2008-10-24 14:22:16,042 INFO ANF: ('Services', 'Retail (Apparel)')
2008-10-24 14:22:16,042 INFO AOC: ('Financial', 'Insurance (Miscellaneous)')
2008-10-24 14:22:16,042 INFO APD: ('Basic Materials', 'Chemical Manufacturing')
2008-10-24 14:22:16,042 INFO APH: ('Technology', 'Electronic Instr. & Controls')
2008-10-24 14:22:16,058 INFO ASH: ('Basic Materials', 'Fabricated Plastic & Rubber')
2008-10-24 14:22:16,058 INFO ATI: ('Basic Materials', 'Misc. Fabricated Products')
2008-10-24 14:22:16,058 INFO AVB: ('Services', 'Real Estate Operations')
2008-10-24 14:22:16,058 INFO AVP: ('Cons. Non-Cyclical', 'Personal & Household Prods.')
2008-10-24 14:22:16,058 INFO AVY: ('Basic Materials', 'Containers & Packaging')
2008-10-24 14:22:16,058 INFO AW: ('Services', 'Waste Management Services')
2008-10-24 14:22:16,058 INFO BBBY: ('Services', 'Retail (Specialty)')
2008-10-24 14:22:16,058 INFO BBY: ('Services', 'Retail (Technology)')
2008-10-24 14:22:16,058 INFO BDK: ('Cons. Cyclical', 'Appliance & Tool')
2008-10-24 14:22:16,058 INFO BDX: ('Healthcare', 'Medical Equipment & Supplies')
2008-10-24 14:22:16,058 INFO BEN: ('Financial', 'Investment Services')
2008-10-24 14:22:16,058 INFO BF-B: ('Cons. Non-Cyclical', 'Personal & Household Prods.')
2008-10-24 14:22:16,058 INFO BHI: ('Energy', 'Oil Well Services & Equipment')
2008-10-24 14:22:16,058 INFO BLL: ('Basic Materials', 'Containers & Packaging')
2008-10-24 14:22:16,058 INFO BXP: ('Services', 'Real Estate Operations')
2008-10-24 14:22:16,058 INFO C: ('Financial', 'Money Center Banks')
2008-10-24 14:22:16,058 INFO CA: ('Technology', 'Software & Programming')
2008-10-24 14:22:16,058 INFO CAG: ('Cons. Non-Cyclical', 'Food Processing')
2008-10-24 14:22:16,058 INFO CAH: ('Healthcare', 'Biotechnology & Drugs')
2008-10-24 14:22:16,058 INFO CAM: ('Energy', 'Oil Well Services & Equipment')
2008-10-24 14:22:16,058 INFO CAT: ('Capital Goods', 'Constr. & Agric. Machinery')
2008-10-24 14:22:16,058 INFO CBE: ('Technology', 'Electronic Instr. & Controls')
2008-10-24 14:22:16,058 INFO CBG: ('Services', 'Real Estate Operations')
2008-10-24 14:22:16,058 INFO CBS: ('Services', 'Broadcasting & Cable TV')
2008-10-24 14:22:16,058 INFO CCE: ('Cons. Non-Cyclical', 'Beverages (Non-Alcoholic)')
2008-10-24 14:22:16,058 INFO CCL: ('Services', 'Recreational Activities')
2008-10-24 14:22:16,058 INFO CF: ('Basic Materials', 'Chemical Manufacturing')
2008-10-24 14:22:16,058 INFO CL: ('Cons. Non-Cyclical', 'Personal & Household Prods.')
2008-10-24 14:22:16,058 INFO CMCSA: ('Services', 'Broadcasting & Cable TV')
2008-10-24 14:22:16,058 INFO CME: ('Financial', 'Investment Services')
2008-10-24 14:22:16,058 INFO CMI: ('Capital Goods', 'Misc. Capital Goods')
2008-10-24 14:22:16,058 INFO CNX: ('Energy', 'Coal')
2008-10-24 14:22:16,058 INFO COL: ('Capital Goods', 'Aerospace & Defense')
2008-10-24 14:22:16,058 INFO COP: ('Energy', 'Oil & Gas - Integrated')
2008-10-24 14:22:16,058 INFO COST: ('Services', 'Retail (Specialty)')
2008-10-24 14:22:16,058 INFO CPWR: ('Technology', 'Software & Programming')
2008-10-24 14:22:16,058 INFO CRM: ('Technology', 'Software & Programming')
2008-10-24 14:22:16,058 INFO CSC: ('Technology', 'Computer Services')
2008-10-24 14:22:16,058 INFO CSCO: ('Technology', 'Computer Peripherals')
2008-10-24 14:22:16,058 INFO CTAS: ('Services', 'Personal Services')
2008-10-24 14:22:16,058 INFO CTL: ('Services', 'Communications Services')
2008-10-24 14:22:16,058 INFO CTX: ('Capital Goods', 'Construction Services')
2008-10-24 14:22:16,058 INFO CVG: ('Technology', 'Computer Networks')
2008-10-24 14:22:16,058 INFO CVH: ('Financial', 'Insurance (Accident & Health)')
2008-10-24 14:22:16,058 INFO DD: ('Basic Materials', 'Chemicals - Plastics & Rubber')
2008-10-24 14:22:16,058 INFO DDS: ('Services', 'Retail (Department & Discount)')
2008-10-24 14:22:16,058 INFO DE: ('Capital Goods', 'Constr. & Agric. Machinery')
2008-10-24 14:22:16,058 INFO DELL: ('Technology', 'Computer Hardware')
2008-10-24 14:22:16,058 INFO DHI: ('Capital Goods', 'Construction Services')
2008-10-24 14:22:16,058 INFO DIS: ('Services', 'Broadcasting & Cable TV')
2008-10-24 14:22:16,058 INFO DOV: ('Conglomerates', 'Conglomerates')
2008-10-24 14:22:16,058 INFO DPS: ('Cons. Non-Cyclical', 'Beverages (Non-Alcoholic)')
2008-10-24 14:22:16,058 INFO DRI: ('Services', 'Restaurants')
2008-10-24 14:22:16,058 INFO DTV: ('Services', 'Broadcasting & Cable TV')
2008-10-24 14:22:16,058 INFO EBAY: ('Services', 'Retail (Specialty)')
2008-10-24 14:22:16,058 INFO ECL: ('Cons. Non-Cyclical', 'Personal & Household Prods.')
2008-10-24 14:22:16,058 INFO EFX: ('Services', 'Business Services')
2008-10-24 14:22:16,058 INFO EK: ('Cons. Cyclical', 'Photography')
2008-10-24 14:22:16,058 INFO EL: ('Cons. Non-Cyclical', 'Personal & Household Prods.')
2008-10-24 14:22:16,058 INFO EMN: ('Basic Materials', 'Chemicals - Plastics & Rubber')
2008-10-24 14:22:16,058 INFO EMR: ('Conglomerates', 'Conglomerates')
2008-10-24 14:22:16,058 INFO EQR: ('Services', 'Real Estate Operations')
2008-10-24 14:22:16,058 INFO ERTS: ('Technology', 'Software & Programming')
2008-10-24 14:22:16,058 INFO ESRX: ('Services', 'Retail (Drugs)')
2008-10-24 14:22:16,058 INFO ESV: ('Energy', 'Oil Well Services & Equipment')
2008-10-24 14:22:16,058 INFO ETFC: ('Financial', 'Investment Services')
2008-10-24 14:22:16,058 INFO EXC: ('Utilities', 'Electric Utilities')
2008-10-24 14:22:16,058 INFO EXPE: ('Services', 'Personal Services')
2008-10-24 14:22:16,058 INFO F: ('Cons. Cyclical', 'Auto & Truck Manufacturers')
2008-10-24 14:22:16,058 INFO FAST: ('Basic Materials', 'Misc. Fabricated Products')
2008-10-24 14:22:16,058 INFO FCX: ('Basic Materials', 'Metal Mining')
2008-10-24 14:22:16,058 INFO FDX: ('Transportation', 'Air Courier')
2008-10-24 14:22:16,058 INFO FIS: ('Financial', 'Consumer Financial Services')
2008-10-24 14:22:16,058 INFO FISV: ('Technology', 'Computer Services')
2008-10-24 14:22:16,058 INFO FLR: ('Capital Goods', 'Construction Services')
2008-10-24 14:22:16,058 INFO FLS: ('Capital Goods', 'Misc. Capital Goods')
2008-10-24 14:22:16,058 INFO FRX: ('Healthcare', 'Biotechnology & Drugs')
2008-10-24 14:22:16,058 INFO FTR: ('Services', 'Communications Services')
2008-10-24 14:22:16,058 INFO GCI: ('Services', 'Printing & Publishing')
2008-10-24 14:22:16,058 INFO GD: ('Capital Goods', 'Aerospace & Defense')
2008-10-24 14:22:16,058 INFO GE: ('Conglomerates', 'Conglomerates')
2008-10-24 14:22:16,058 INFO GGP: ('Services', 'Real Estate Operations')
2008-10-24 14:22:16,058 INFO GLW: ('Technology', 'Communications Equipment')
2008-10-24 14:22:16,058 INFO GME: ('Services', 'Retail (Technology)')
2008-10-24 14:22:16,058 INFO GPS: ('Services', 'Retail (Apparel)')
2008-10-24 14:22:16,058 INFO GT: ('Cons. Cyclical', 'Tires')
2008-10-24 14:22:16,058 INFO GWW: ('Capital Goods', 'Misc. Capital Goods')
2008-10-24 14:22:16,058 INFO HAR: ('Cons. Cyclical', 'Audio & Video Equipment')
2008-10-24 14:22:16,058 INFO HCP: ('Services', 'Real Estate Operations')
2008-10-24 14:22:16,058 INFO HD: ('Services', 'Retail (Home Improvement)')
2008-10-24 14:22:16,058 INFO HNZ: ('Cons. Non-Cyclical', 'Food Processing')
2008-10-24 14:22:16,058 INFO HOG: ('Cons. Cyclical', 'Recreational Products')
2008-10-24 14:22:16,058 INFO HON: ('Capital Goods', 'Aerospace & Defense')
2008-10-24 14:22:16,058 INFO HPC: ('Basic Materials', 'Chemicals - Plastics & Rubber')
2008-10-24 14:22:16,058 INFO HPQ: ('Technology', 'Computer Peripherals')
2008-10-24 14:22:16,058 INFO HRB: ('Services', 'Personal Services')
2008-10-24 14:22:16,058 INFO HRS: ('Technology', 'Communications Equipment')
2008-10-24 14:22:16,058 INFO HSP: ('Healthcare', 'Biotechnology & Drugs')
2008-10-24 14:22:16,058 INFO HST: ('Services', 'Real Estate Operations')
2008-10-24 14:22:16,058 INFO IBM: ('Services', 'Business Services')
2008-10-24 14:22:16,058 INFO ICE: ('Financial', 'Investment Services')
2008-10-24 14:22:16,072 INFO IFF: ('Basic Materials', 'Chemical Manufacturing')
2008-10-24 14:22:16,072 INFO IGT: ('Services', 'Casinos & Gaming')
2008-10-24 14:22:16,072 INFO INTC: ('Technology', 'Semiconductors')
2008-10-24 14:22:16,072 INFO INTU: ('Technology', 'Software & Programming')
2008-10-24 14:22:16,072 INFO IP: ('Basic Materials', 'Paper & Paper Products')
2008-10-24 14:22:16,072 INFO IPG: ('Services', 'Advertising')
2008-10-24 14:22:16,072 INFO IR: ('Capital Goods', 'Misc. Capital Goods')
2008-10-24 14:22:16,072 INFO ISRG: ('Healthcare', 'Medical Equipment & Supplies')
2008-10-24 14:22:16,072 INFO ITT: ('Capital Goods', 'Misc. Capital Goods')
2008-10-24 14:22:16,072 INFO ITW: ('Capital Goods', 'Misc. Capital Goods')
2008-10-24 14:22:16,072 INFO IVZ: ('Financial', 'Investment Services')
2008-10-24 14:22:16,072 INFO JAVA: ('Technology', 'Computer Hardware')
2008-10-24 14:22:16,072 INFO JCI: ('Services', 'Business Services')
2008-10-24 14:22:16,072 INFO JCP: ('Services', 'Retail (Department & Discount)')
2008-10-24 14:22:16,072 INFO JDSU: ('Technology', 'Communications Equipment')
2008-10-24 14:22:16,072 INFO JEC: ('Capital Goods', 'Construction Services')
2008-10-24 14:22:16,072 INFO JNS: ('Financial', 'Investment Services')
2008-10-24 14:22:16,072 INFO JNY: ('Cons. Cyclical', 'Apparel/Accessories')
2008-10-24 14:22:16,072 INFO JWN: ('Services', 'Retail (Apparel)')
2008-10-24 14:22:16,072 INFO KBH: ('Capital Goods', 'Construction Services')
2008-10-24 14:22:16,072 INFO KIM: ('Services', 'Real Estate Operations')
2008-10-24 14:22:16,072 INFO KLAC: ('Technology', 'Semiconductors')
2008-10-24 14:22:16,072 INFO KMB: ('Basic Materials', 'Paper & Paper Products')
2008-10-24 14:22:16,072 INFO KO: ('Cons. Non-Cyclical', 'Beverages (Non-Alcoholic)')
2008-10-24 14:22:16,072 INFO KSS: ('Services', 'Retail (Department & Discount)')
2008-10-24 14:22:16,072 INFO LEN: ('Capital Goods', 'Construction Services')
2008-10-24 14:22:16,072 INFO LIZ: ('Cons. Cyclical', 'Apparel/Accessories')
2008-10-24 14:22:16,072 INFO LLL: ('Technology', 'Communications Equipment')
2008-10-24 14:22:16,072 INFO LLTC: ('Technology', 'Semiconductors')
2008-10-24 14:22:16,072 INFO LM: ('Financial', 'Investment Services')
2008-10-24 14:22:16,072 INFO LMT: ('Capital Goods', 'Aerospace & Defense')
2008-10-24 14:22:16,072 INFO LOW: ('Services', 'Retail (Home Improvement)')
2008-10-24 14:22:16,072 INFO LSI: ('Technology', 'Semiconductors')
2008-10-24 14:22:16,072 INFO LTD: ('Services', 'Retail (Apparel)')
2008-10-24 14:22:16,072 INFO LUK: ('Conglomerates', 'Conglomerates')
2008-10-24 14:22:16,072 INFO LUV: ('Transportation', 'Airline')
2008-10-24 14:22:16,072 INFO LXK: ('Technology', 'Computer Peripherals')
2008-10-24 14:22:16,072 INFO MA: ('Services', 'Business Services')
2008-10-24 14:22:16,072 INFO MAS: ('Cons. Cyclical', 'Furniture & Fixtures')
2008-10-24 14:22:16,072 INFO MAT: ('Cons. Cyclical', 'Recreational Products')
2008-10-24 14:22:16,072 INFO MCO: ('Services', 'Business Services')
2008-10-24 14:22:16,072 INFO MDP: ('Services', 'Printing & Publishing')
2008-10-24 14:22:16,072 INFO MDT: ('Healthcare', 'Medical Equipment & Supplies')
2008-10-24 14:22:16,072 INFO MEE: ('Energy', 'Coal')
2008-10-24 14:22:16,072 INFO MHP: ('Services', 'Printing & Publishing')
2008-10-24 14:22:16,072 INFO MHS: ('Services', 'Retail (Drugs)')
2008-10-24 14:22:16,072 INFO MIL: ('Technology', 'Scientific & Technical Instr.')
2008-10-24 14:22:16,072 INFO MKC: ('Cons. Non-Cyclical', 'Food Processing')
2008-10-24 14:22:16,072 INFO MNST: ('Services', 'Business Services')
2008-10-24 14:22:16,072 INFO MOLX: ('Technology', 'Electronic Instr. & Controls')
2008-10-24 14:22:16,072 INFO MON: ('Basic Materials', 'Chemical Manufacturing')
2008-10-24 14:22:16,072 INFO MTG: ('Financial', 'Insurance (Prop. & Casualty)')
2008-10-24 14:22:16,072 INFO MTW: ('Capital Goods', 'Constr. & Agric. Machinery')
2008-10-24 14:22:16,072 INFO MU: ('Technology', 'Computer Storage Devices')
2008-10-24 14:22:16,072 INFO MUR: ('Energy', 'Oil & Gas Operations')
2008-10-24 14:22:16,072 INFO MWV: ('Basic Materials', 'Containers & Packaging')
2008-10-24 14:22:16,072 INFO MYL: ('Healthcare', 'Biotechnology & Drugs')
2008-10-24 14:22:16,072 INFO NBR: ('Energy', 'Oil Well Services & Equipment')
2008-10-24 14:22:16,072 INFO NE: ('Energy', 'Oil Well Services & Equipment')
2008-10-24 14:22:16,072 INFO NEM: ('Basic Materials', 'Gold & Silver')
2008-10-24 14:22:16,072 INFO NKE: ('Cons. Cyclical', 'Footwear')
2008-10-24 14:22:16,072 INFO NOVL: ('Technology', 'Software & Programming')
2008-10-24 14:22:16,072 INFO NTAP: ('Technology', 'Computer Networks')
2008-10-24 14:22:16,072 INFO NTRS: ('Financial', 'Regional Banks')
2008-10-24 14:22:16,072 INFO NVDA: ('Technology', 'Semiconductors')
2008-10-24 14:22:16,072 INFO NVLS: ('Technology', 'Semiconductors')
2008-10-24 14:22:16,072 INFO NWL: ('Cons. Non-Cyclical', 'Personal & Household Prods.')
2008-10-24 14:22:16,072 INFO NWS-A: ('Services', 'Printing & Publishing')
2008-10-24 14:22:16,072 INFO NYT: ('Services', 'Printing & Publishing')
2008-10-24 14:22:16,072 INFO ODP: ('Services', 'Retail (Specialty)')
2008-10-24 14:22:16,072 INFO OMC: ('Services', 'Advertising')
2008-10-24 14:22:16,072 INFO PAYX: ('Services', 'Business Services')
2008-10-24 14:22:16,072 INFO PBG: ('Cons. Non-Cyclical', 'Beverages (Non-Alcoholic)')
2008-10-24 14:22:16,072 INFO PBI: ('Technology', 'Office Equipment')
2008-10-24 14:22:16,072 INFO PCAR: ('Cons. Cyclical', 'Auto & Truck Manufacturers')
2008-10-24 14:22:16,072 INFO PCL: ('Capital Goods', 'Constr. - Supplies & Fixtures')
2008-10-24 14:22:16,072 INFO PCP: ('Capital Goods', 'Constr. - Supplies & Fixtures')
2008-10-24 14:22:16,072 INFO PDCO: ('Healthcare', 'Medical Equipment & Supplies')
2008-10-24 14:22:16,072 INFO PEP: ('Cons. Non-Cyclical', 'Beverages (Non-Alcoholic)')
2008-10-24 14:22:16,072 INFO PG: ('Cons. Non-Cyclical', 'Personal & Household Prods.')
2008-10-24 14:22:16,072 INFO PGR: ('Financial', 'Insurance (Prop. & Casualty)')
2008-10-24 14:22:16,072 INFO PH: ('Basic Materials', 'Misc. Fabricated Products')
2008-10-24 14:22:16,072 INFO PKI: ('Technology', 'Scientific & Technical Instr.')
2008-10-24 14:22:16,072 INFO PLD: ('Services', 'Real Estate Operations')
2008-10-24 14:22:16,072 INFO PLL: ('Technology', 'Scientific & Technical Instr.')
2008-10-24 14:22:16,072 INFO PNW: ('Utilities', 'Electric Utilities')
2008-10-24 14:22:16,072 INFO PPL: ('Utilities', 'Electric Utilities')
2008-10-24 14:22:16,072 INFO PX: ('Basic Materials', 'Chemical Manufacturing')
2008-10-24 14:22:16,072 INFO PXD: ('Energy', 'Oil & Gas Operations')
2008-10-24 14:22:16,072 INFO QCOM: ('Technology', 'Communications Equipment')
2008-10-24 14:22:16,072 INFO QLGC: ('Technology', 'Semiconductors')
2008-10-24 14:22:16,072 INFO R: ('Services', 'Rental & Leasing')
2008-10-24 14:22:16,072 INFO RDC: ('Energy', 'Oil Well Services & Equipment')
2008-10-24 14:22:16,072 INFO RHI: ('Services', 'Business Services')
2008-10-24 14:22:16,072 INFO RIG: ('Energy', 'Oil Well Services & Equipment')
2008-10-24 14:22:16,072 INFO RL: ('Cons. Cyclical', 'Apparel/Accessories')
2008-10-24 14:22:16,072 INFO ROK: ('Technology', 'Electronic Instr. & Controls')
2008-10-24 14:22:16,072 INFO RRD: ('Services', 'Printing & Publishing')
2008-10-24 14:22:16,072 INFO RSH: ('Services', 'Retail (Technology)')
2008-10-24 14:22:16,072 INFO RTN: ('Conglomerates', 'Conglomerates')
2008-10-24 14:22:16,072 INFO RX: ('Technology', 'Computer Services')
2008-10-24 14:22:16,072 INFO SBUX: ('Services', 'Restaurants')
2008-10-24 14:22:16,072 INFO SCHW: ('Financial', 'Investment Services')
2008-10-24 14:22:16,072 INFO SHLD: ('Services', 'Retail (Department & Discount)')
2008-10-24 14:22:16,088 INFO SIAL: ('Basic Materials', 'Chemical Manufacturing')
2008-10-24 14:22:16,088 INFO SII: ('Energy', 'Oil Well Services & Equipment')
2008-10-24 14:22:16,088 INFO SLB: ('Energy', 'Oil Well Services & Equipment')
2008-10-24 14:22:16,088 INFO SNA: ('Cons. Cyclical', 'Appliance & Tool')
2008-10-24 14:22:16,088 INFO SNDK: ('Technology', 'Computer Storage Devices')
2008-10-24 14:22:16,088 INFO SNI: ('Technology', 'Computer Services')
2008-10-24 14:22:16,088 INFO SOV: ('Financial', 'S&Ls/Savings Banks')
2008-10-24 14:22:16,088 INFO SPG: ('Services', 'Real Estate Operations')
2008-10-24 14:22:16,088 INFO SPLS: ('Services', 'Retail (Specialty)')
2008-10-24 14:22:16,088 INFO SRE: ('Utilities', 'Natural Gas Utilities')
2008-10-24 14:22:16,088 INFO STZ: ('Cons. Non-Cyclical', 'Beverages (Alcoholic)')
2008-10-24 14:22:16,088 INFO SUN: ('Energy', 'Oil & Gas Operations')
2008-10-24 14:22:16,088 INFO SVU: ('Services', 'Retail (Grocery)')
2008-10-24 14:22:16,088 INFO SWK: ('Cons. Cyclical', 'Appliance & Tool')
2008-10-24 14:22:16,088 INFO SYK: ('Healthcare', 'Medical Equipment & Supplies')
2008-10-24 14:22:16,088 INFO SYMC: ('Technology', 'Software & Programming')
2008-10-24 14:22:16,088 INFO SYY: ('Services', 'Retail (Grocery)')
2008-10-24 14:22:16,088 INFO TDC: ('Technology', 'Computer Services')
2008-10-24 14:22:16,088 INFO TEL: ('Technology', 'Electronic Instr. & Controls')
2008-10-24 14:22:16,088 INFO TER: ('Technology', 'Semiconductors')
2008-10-24 14:22:16,088 INFO TEX: ('Capital Goods', 'Misc. Capital Goods')
2008-10-24 14:22:16,088 INFO TGT: ('Services', 'Retail (Department & Discount)')
2008-10-24 14:22:16,088 INFO TIE: ('Basic Materials', 'Metal Mining')
2008-10-24 14:22:16,088 INFO TIF: ('Services', 'Retail (Specialty)')
2008-10-24 14:22:16,088 INFO TJX: ('Services', 'Retail (Apparel)')
2008-10-24 14:22:16,088 INFO TMO: ('Technology', 'Scientific & Technical Instr.')
2008-10-24 14:22:16,088 INFO TROW: ('Financial', 'Investment Services')
2008-10-24 14:22:16,088 INFO TSN: ('Cons. Non-Cyclical', 'Food Processing')
2008-10-24 14:22:16,088 INFO TSS: ('Technology', 'Computer Services')
2008-10-24 14:22:16,088 INFO TWX: ('Services', 'Broadcasting & Cable TV')
2008-10-24 14:22:16,088 INFO TYC: ('Conglomerates', 'Conglomerates')
2008-10-24 14:22:16,088 INFO UIS: ('Technology', 'Computer Services')
2008-10-24 14:22:16,088 INFO UPS: ('Transportation', 'Air Courier')
2008-10-24 14:22:16,088 INFO VFC: ('Cons. Cyclical', 'Apparel/Accessories')
2008-10-24 14:22:16,088 INFO VLO: ('Energy', 'Oil & Gas Operations')
2008-10-24 14:22:16,088 INFO VMC: ('Capital Goods', 'Construction Services')
2008-10-24 14:22:16,088 INFO VNO: ('Services', 'Real Estate Operations')
2008-10-24 14:22:16,088 INFO VRSN: ('Technology', 'Software & Programming')
2008-10-24 14:22:16,088 INFO VZ: ('Services', 'Communications Services')
2008-10-24 14:22:16,088 INFO WAT: ('Technology', 'Scientific & Technical Instr.')
2008-10-24 14:22:16,088 INFO WFMI: ('Services', 'Retail (Grocery)')
2008-10-24 14:22:16,088 INFO WFT: ('Energy', 'Oil Well Services & Equipment')
2008-10-24 14:22:16,088 INFO WHR: ('Cons. Cyclical', 'Appliance & Tool')
2008-10-24 14:22:16,088 INFO WIN: ('Services', 'Communications Services')
2008-10-24 14:22:16,088 INFO WPO: ('Services', 'Printing & Publishing')
2008-10-24 14:22:16,088 INFO WU: ('Technology', 'Computer Services')
2008-10-24 14:22:16,088 INFO WY: ('Basic Materials', 'Forestry & Wood Products')
2008-10-24 14:22:16,088 INFO WYN: ('Services', 'Hotels & Motels')
2008-10-24 14:22:16,088 INFO X: ('Basic Materials', 'Iron & Steel')
2008-10-24 14:22:16,088 INFO XEL: ('Utilities', 'Electric Utilities')
2008-10-24 14:22:16,088 INFO XLNX: ('Technology', 'Semiconductors')
2008-10-24 14:22:16,088 INFO XRX: ('Technology', 'Office Equipment')
2008-10-24 14:22:16,088 INFO YUM: ('Services', 'Restaurants')
2008-10-24 14:22:16,088 INFO ZMH: ('Healthcare', 'Medical Equipment & Supplies')
2008-10-24 14:22:16,088 ERROR Not industry info for: ^DJI
2008-10-24 14:22:16,088 ERROR Not industry info for: ^GSPC
2008-10-24 14:22:16,088 ERROR Not industry info for: ^IXIC
2008-10-24 14:22:16,088 ERROR Not industry info for: ^RUT
2008-10-24 14:22:16,088 ERROR Not industry info for: ^HSI
2008-10-24 14:22:16,088 ERROR Not industry info for: SPY
2008-10-24 14:22:16,088 ERROR Not industry info for: QQQQ
2008-10-24 14:22:16,088 ERROR Not industry info for: IWM
2008-10-24 14:22:16,088 ERROR Not industry info for: LDK
2008-10-24 14:22:16,088 INFO new high List [0]: []
2008-10-24 14:22:16,119 INFO Bullish patterns:----------
2008-10-24 14:22:16,119 INFO Morning Star List (0): {}
2008-10-24 14:22:16,119 INFO Piercing List (1): {100: ['HOT']}
2008-10-24 14:22:16,119 INFO Harami List (2): {100: ['CMS', 'TSS']}
2008-10-24 14:22:16,119 INFO Bearish patterns:----------
2008-10-24 14:22:16,119 INFO Evening Star List (0): {}
2008-10-24 14:22:16,119 INFO Shotting Star List (0): {}
2008-10-24 14:22:16,119 INFO Dark Cloud Cover List (0): {}
2008-10-24 14:22:16,151 INFO program took 680.861 s
2008-10-24 14:22:16,151 INFO program ends at: 14:22:16 10/24/08 Eastern Daylight Time
