2008-10-16 14:55:27,605 INFO program starts at: 14:55:27 10/16/08 Eastern Daylight Time
2008-10-16 14:55:27,605 INFO total symbols to be processed is: [510]
2008-10-16 15:08:37,094 INFO Analysis for 20081016
2008-10-16 15:08:37,094 INFO total symbols to be processed is: [510]
2008-10-16 15:08:38,344 ERROR abnormalVol wrong with ^RUT
2008-10-16 15:08:38,344 ERROR <type 'exceptions.ZeroDivisionError'>
2008-10-16 15:08:38,344 ERROR float division
2008-10-16 15:08:38,344 INFO Abnormal Volume List [5]:
2008-10-16 15:08:38,344 INFO YHOO: price change 11.06%--volume change 3.14 : ('Services', 'Business Services')
2008-10-16 15:08:38,344 INFO BTU: price change 9.28%--volume change 1.65 : ('Energy', 'Coal')
2008-10-16 15:08:38,344 INFO MDT: price change -3.65%--volume change 1.75 : ('Healthcare', 'Medical Equipment & Supplies')
2008-10-16 15:08:38,344 INFO RDC: price change -5.01%--volume change 1.96 : ('Energy', 'Oil Well Services & Equipment')
2008-10-16 15:08:38,359 INFO CIT: price change -30.34%--volume change 1.58 : ('Financial', 'Consumer Financial Services')
2008-10-16 15:08:38,359 INFO NRD List: ['A', 'ABC', 'ABI', 'ADM', 'AEP', 'AKAM', 'ALTR', 'ANF', 'APA', 'ATI', 'AYE', 'BA', 'BDK', 'BIIB', 'BMC', 'CAH', 'CHK', 'CL', 'CNP', 'COV', 'CTL', 'CTXS', 'DELL', 'DOV', 'DRI', 'DTE', 'DVN', 'ED', 'EFX', 'EMN', 'EOG', 'EQR', 'ESV', 'ETN', 'FDX', 'FE', 'FO', 'FTR', 'GAS', 'GENZ', 'GM', 'HCP', 'HD', 'HSP', 'INTC', 'JAVA', 'JCP', 'JNPR', 'KG', 'L', 'LH', 'LLTC', 'LUV', 'MCK', 'MIL', 'MKC', 'MNST', 'MO', 'MOLX', 'MSFT', 'NTRS', 'NVLS', 'NWL', 'OMC', 'ORCL', 'PAYX', 'PEG', 'PM', 'PNW', 'QCOM', 'RAI', 'RRD', 'RX', 'SLE', 'STJ', 'SWK', 'SYK', 'T', 'TDC', 'TEG', 'TEX', 'THC', 'TIE', 'TWX', 'TXN', 'UNP', 'UST', 'UTX', 'VAR', 'VFC', 'VZ', 'WB', 'WFC', 'WPI', 'WYE', 'X', 'XEL', 'XOM', 'ZMH', 'SPY']
2008-10-16 15:08:38,375 INFO TripleDown List: ['A', 'AA', 'AAPL', 'ABT', 'ACAS', 'ACS', 'ADI', 'ADP', 'AEE', 'AES', 'AFL', 'AGN', 'AIG', 'AIV', 'AKAM', 'AKS', 'ALL', 'AMD', 'AMT', 'AN', 'AOC', 'APC', 'APD', 'APH', 'ASH', 'AVB', 'AVP', 'AVY', 'AW', 'AXP', 'AZO', 'BAX', 'BBY', 'BDX', 'BEN', 'BF-B', 'BHI', 'BLL', 'BMY', 'BRCM', 'BSX', 'BTU', 'BUD', 'BXP', 'CAH', 'CAM', 'CAT', 'CB', 'CBG', 'CCE', 'CCL', 'CEG', 'CF', 'CIEN', 'CME', 'CMI', 'CNX', 'COP', 'CRM', 'CSX', 'CTSH', 'CTX', 'CVG', 'CVX', 'DD', 'DDR', 'DDS', 'DE', 'DFS', 'DHI', 'DIS', 'DOV', 'DPS', 'DUK', 'DVA', 'DYN', 'EBAY', 'ECL', 'ED', 'EFX', 'EK', 'EL', 'EMC', 'EOG', 'EP', 'ESV', 'ETFC', 'ETN', 'ETR', 'EXC', 'F', 'FCX', 'FII', 'FIS', 'FLR', 'GE', 'GIS', 'GLW', 'GNW', 'GS', 'GT', 'GWW', 'HAL', 'HCP', 'HES', 'HNZ', 'HOG', 'HOT', 'HPQ', 'HRB', 'HSP', 'HST', 'HSY', 'IBM', 'ICE', 'IFF', 'IGT', 'IP', 'IPG', 'IR', 'ITW', 'IVZ', 'JCI', 'JDSU', 'JEC', 'JNJ', 'JNS', 'JNY', 'JPM', 'JWN', 'KBH', 'KFT', 'KG', 'KIM', 'KO', 'KSS', 'LEG', 'LEN', 'LH', 'LM', 'LO', 'LOW', 'LUK', 'LXK', 'MA', 'MAR', 'MAS', 'MCD', 'MDP', 'MDT', 'MEE', 'MET', 'MHS', 'MMC', 'MMM', 'MON', 'MOT', 'MRK', 'MRO', 'MTW', 'MUR', 'MYL', 'NBR', 'NE', 'NEM', 'NI', 'NOC', 'NOV', 'NSC', 'NUE', 'NYX', 'ODP', 'OXY', 'PBG', 'PCG', 'PCL', 'PEG', 'PFE', 'PFG', 'PG', 'PGN', 'PGR', 'PHM', 'PLD', 'PLL', 'PPL', 'PSA', 'PTV', 'PX', 'PXD', 'Q', 'QLGC', 'R', 'RAI', 'RDC', 'RHI', 'ROK', 'RRD', 'S', 'SE', 'SEE', 'SII', 'SLB', 'SNA', 'SNDK', 'SOV', 'SPG', 'STZ', 'SWY', 'TER', 'TLAB', 'TRV', 'TSN', 'TSO', 'TWX', 'TXN', 'UIS', 'UNH', 'UNM', 'UPS', 'USB', 'VAR', 'VLO', 'VMC', 'VNO', 'WAT', 'WFT', 'WHR', 'WMI', 'WPO', 'WY', 'WYN', 'XEL', 'XTO', 'YUM', 'LDK']
2008-10-16 15:08:38,375 INFO TripleUp List: []
2008-10-16 15:08:38,375 INFO Advance: 183, Decline: 313, Unch 4, Total: 500, Size: 510
2008-10-16 15:08:38,609 INFO new low List [116]: ['A', 'ADI', 'ADP', 'AIV', 'AKAM', 'AMZN', 'AN', 'AOC', 'APH', 'AVB', 'AVP', 'AVY', 'AXP', 'BBY', 'BIIB', 'BMY', 'BRCM', 'BXP', 'CA', 'CAH', 'CAM', 'CAT', 'CBG', 'CCL', 'CIEN', 'CIT', 'CNX', 'CRM', 'CTAS', 'CTX', 'CVG', 'CVX', 'DDR', 'DDS', 'DGX', 'DHI', 'DOV', 'DRI', 'EBAY', 'EFX', 'EK', 'EL', 'EMC', 'ETFC', 'ETN', 'FCX', 'FDX', 'FLR', 'FO', 'GCI', 'HAL', 'HD', 'HES', 'HNZ', 'HOT', 'IP', 'IPG', 'IR', 'JCI', 'JCP', 'JDSU', 'JNPR', 'JNS', 'JNY', 'JWN', 'KBH', 'KFT', 'KIM', 'LEN', 'LLTC', 'LO', 'LUK', 'LXK', 'MAS', 'MDP', 'MDT', 'MNST', 'MOLX', 'MWV', 'NEM', 'NOV', 'NYT', 'OMC', 'PAYX', 'PBI', 'PCL', 'PDCO', 'PGR', 'PLD', 'PLL', 'RDC', 'RIG', 'RRD', 'S', 'SHLD', 'SII', 'SLB', 'SNA', 'STZ', 'SUN', 'SWK', 'TEL', 'TLAB', 'TMK', 'TSN', 'TXN', 'UIS', 'UNP', 'UPS', 'VLO', 'WHR', 'WPO', 'WY', 'WYN', 'XEL', 'LDK']
2008-10-16 15:08:38,609 INFO A: ('Technology', 'Electronic Instr. & Controls')
2008-10-16 15:08:38,609 INFO ADI: ('Technology', 'Semiconductors')
2008-10-16 15:08:38,609 INFO ADP: ('Services', 'Business Services')
2008-10-16 15:08:38,609 INFO AIV: ('Services', 'Real Estate Operations')
2008-10-16 15:08:38,609 INFO AKAM: ('Technology', 'Computer Services')
2008-10-16 15:08:38,609 INFO AMZN: ('Services', 'Retail (Specialty)')
2008-10-16 15:08:38,609 INFO AN: ('Services', 'Retail (Specialty)')
2008-10-16 15:08:38,609 INFO AOC: ('Financial', 'Insurance (Miscellaneous)')
2008-10-16 15:08:38,609 INFO APH: ('Technology', 'Electronic Instr. & Controls')
2008-10-16 15:08:38,609 INFO AVB: ('Services', 'Real Estate Operations')
2008-10-16 15:08:38,609 INFO AVP: ('Cons. Non-Cyclical', 'Personal & Household Prods.')
2008-10-16 15:08:38,609 INFO AVY: ('Basic Materials', 'Containers & Packaging')
2008-10-16 15:08:38,609 INFO AXP: ('Financial', 'Consumer Financial Services')
2008-10-16 15:08:38,609 INFO BBY: ('Services', 'Retail (Technology)')
2008-10-16 15:08:38,609 INFO BIIB: ('Healthcare', 'Biotechnology & Drugs')
2008-10-16 15:08:38,609 INFO BMY: ('Healthcare', 'Major Drugs')
2008-10-16 15:08:38,609 INFO BRCM: ('Technology', 'Semiconductors')
2008-10-16 15:08:38,609 INFO BXP: ('Services', 'Real Estate Operations')
2008-10-16 15:08:38,609 INFO CA: ('Technology', 'Software & Programming')
2008-10-16 15:08:38,609 INFO CAH: ('Healthcare', 'Biotechnology & Drugs')
2008-10-16 15:08:38,609 INFO CAM: ('Energy', 'Oil Well Services & Equipment')
2008-10-16 15:08:38,609 INFO CAT: ('Capital Goods', 'Constr. & Agric. Machinery')
2008-10-16 15:08:38,609 INFO CBG: ('Services', 'Real Estate Operations')
2008-10-16 15:08:38,609 INFO CCL: ('Services', 'Recreational Activities')
2008-10-16 15:08:38,609 INFO CIEN: ('Technology', 'Communications Equipment')
2008-10-16 15:08:38,609 INFO CIT: ('Financial', 'Consumer Financial Services')
2008-10-16 15:08:38,609 INFO CNX: ('Energy', 'Coal')
2008-10-16 15:08:38,609 INFO CRM: ('Technology', 'Software & Programming')
2008-10-16 15:08:38,609 INFO CTAS: ('Services', 'Personal Services')
2008-10-16 15:08:38,609 INFO CTX: ('Capital Goods', 'Construction Services')
2008-10-16 15:08:38,609 INFO CVG: ('Technology', 'Computer Networks')
2008-10-16 15:08:38,609 INFO CVX: ('Energy', 'Oil & Gas - Integrated')
2008-10-16 15:08:38,609 INFO DDR: ('Services', 'Real Estate Operations')
2008-10-16 15:08:38,609 INFO DDS: ('Services', 'Retail (Department & Discount)')
2008-10-16 15:08:38,609 INFO DGX: ('Healthcare', 'Healthcare Facilities')
2008-10-16 15:08:38,609 INFO DHI: ('Capital Goods', 'Construction Services')
2008-10-16 15:08:38,609 INFO DOV: ('Conglomerates', 'Conglomerates')
2008-10-16 15:08:38,609 INFO DRI: ('Services', 'Restaurants')
2008-10-16 15:08:38,609 INFO EBAY: ('Services', 'Retail (Specialty)')
2008-10-16 15:08:38,609 INFO EFX: ('Services', 'Business Services')
2008-10-16 15:08:38,609 INFO EK: ('Cons. Cyclical', 'Photography')
2008-10-16 15:08:38,609 INFO EL: ('Cons. Non-Cyclical', 'Personal & Household Prods.')
2008-10-16 15:08:38,609 INFO EMC: ('Technology', 'Computer Storage Devices')
2008-10-16 15:08:38,609 INFO ETFC: ('Financial', 'Investment Services')
2008-10-16 15:08:38,609 INFO ETN: ('Technology', 'Electronic Instr. & Controls')
2008-10-16 15:08:38,609 INFO FCX: ('Basic Materials', 'Metal Mining')
2008-10-16 15:08:38,609 INFO FDX: ('Transportation', 'Air Courier')
2008-10-16 15:08:38,609 INFO FLR: ('Capital Goods', 'Construction Services')
2008-10-16 15:08:38,609 INFO FO: ('Conglomerates', 'Conglomerates')
2008-10-16 15:08:38,609 INFO GCI: ('Services', 'Printing & Publishing')
2008-10-16 15:08:38,609 INFO HAL: ('Energy', 'Oil Well Services & Equipment')
2008-10-16 15:08:38,609 INFO HD: ('Services', 'Retail (Home Improvement)')
2008-10-16 15:08:38,609 INFO HES: ('Energy', 'Oil & Gas - Integrated')
2008-10-16 15:08:38,609 INFO HNZ: ('Cons. Non-Cyclical', 'Food Processing')
2008-10-16 15:08:38,609 INFO HOT: ('Services', 'Hotels & Motels')
2008-10-16 15:08:38,609 INFO IP: ('Basic Materials', 'Paper & Paper Products')
2008-10-16 15:08:38,609 INFO IPG: ('Services', 'Advertising')
2008-10-16 15:08:38,609 INFO IR: ('Capital Goods', 'Misc. Capital Goods')
2008-10-16 15:08:38,609 INFO JCI: ('Services', 'Business Services')
2008-10-16 15:08:38,609 INFO JCP: ('Services', 'Retail (Department & Discount)')
2008-10-16 15:08:38,609 INFO JDSU: ('Technology', 'Communications Equipment')
2008-10-16 15:08:38,609 INFO JNPR: ('Technology', 'Communications Equipment')
2008-10-16 15:08:38,609 INFO JNS: ('Financial', 'Investment Services')
2008-10-16 15:08:38,609 INFO JNY: ('Cons. Cyclical', 'Apparel/Accessories')
2008-10-16 15:08:38,609 INFO JWN: ('Services', 'Retail (Apparel)')
2008-10-16 15:08:38,609 INFO KBH: ('Capital Goods', 'Construction Services')
2008-10-16 15:08:38,609 INFO KFT: ('Cons. Non-Cyclical', 'Food Processing')
2008-10-16 15:08:38,609 INFO KIM: ('Services', 'Real Estate Operations')
2008-10-16 15:08:38,609 INFO LEN: ('Capital Goods', 'Construction Services')
2008-10-16 15:08:38,609 INFO LLTC: ('Technology', 'Semiconductors')
2008-10-16 15:08:38,609 INFO LO: ('Cons. Non-Cyclical', 'Tobacco')
2008-10-16 15:08:38,609 INFO LUK: ('Conglomerates', 'Conglomerates')
2008-10-16 15:08:38,609 INFO LXK: ('Technology', 'Computer Peripherals')
2008-10-16 15:08:38,609 INFO MAS: ('Cons. Cyclical', 'Furniture & Fixtures')
2008-10-16 15:08:38,609 INFO MDP: ('Services', 'Printing & Publishing')
2008-10-16 15:08:38,609 INFO MDT: ('Healthcare', 'Medical Equipment & Supplies')
2008-10-16 15:08:38,609 INFO MNST: ('Services', 'Business Services')
2008-10-16 15:08:38,609 INFO MOLX: ('Technology', 'Electronic Instr. & Controls')
2008-10-16 15:08:38,609 INFO MWV: ('Basic Materials', 'Containers & Packaging')
2008-10-16 15:08:38,609 INFO NEM: ('Basic Materials', 'Gold & Silver')
2008-10-16 15:08:38,609 INFO NOV: ('Energy', 'Oil Well Services & Equipment')
2008-10-16 15:08:38,609 INFO NYT: ('Services', 'Printing & Publishing')
2008-10-16 15:08:38,625 INFO OMC: ('Services', 'Advertising')
2008-10-16 15:08:38,625 INFO PAYX: ('Services', 'Business Services')
2008-10-16 15:08:38,625 INFO PBI: ('Technology', 'Office Equipment')
2008-10-16 15:08:38,625 INFO PCL: ('Capital Goods', 'Constr. - Supplies & Fixtures')
2008-10-16 15:08:38,625 INFO PDCO: ('Healthcare', 'Medical Equipment & Supplies')
2008-10-16 15:08:38,625 INFO PGR: ('Financial', 'Insurance (Prop. & Casualty)')
2008-10-16 15:08:38,625 INFO PLD: ('Services', 'Real Estate Operations')
2008-10-16 15:08:38,625 INFO PLL: ('Technology', 'Scientific & Technical Instr.')
2008-10-16 15:08:38,625 INFO RDC: ('Energy', 'Oil Well Services & Equipment')
2008-10-16 15:08:38,625 INFO RIG: ('Energy', 'Oil Well Services & Equipment')
2008-10-16 15:08:38,625 INFO RRD: ('Services', 'Printing & Publishing')
2008-10-16 15:08:38,625 INFO S: ('Services', 'Communications Services')
2008-10-16 15:08:38,625 INFO SHLD: ('Services', 'Retail (Department & Discount)')
2008-10-16 15:08:38,625 INFO SII: ('Energy', 'Oil Well Services & Equipment')
2008-10-16 15:08:38,625 INFO SLB: ('Energy', 'Oil Well Services & Equipment')
2008-10-16 15:08:38,625 INFO SNA: ('Cons. Cyclical', 'Appliance & Tool')
2008-10-16 15:08:38,625 INFO STZ: ('Cons. Non-Cyclical', 'Beverages (Alcoholic)')
2008-10-16 15:08:38,625 INFO SUN: ('Energy', 'Oil & Gas Operations')
2008-10-16 15:08:38,625 INFO SWK: ('Cons. Cyclical', 'Appliance & Tool')
2008-10-16 15:08:38,625 INFO TEL: ('Technology', 'Electronic Instr. & Controls')
2008-10-16 15:08:38,625 INFO TLAB: ('Technology', 'Communications Equipment')
2008-10-16 15:08:38,625 INFO TMK: ('Financial', 'Insurance (Accident & Health)')
2008-10-16 15:08:38,625 INFO TSN: ('Cons. Non-Cyclical', 'Food Processing')
2008-10-16 15:08:38,625 INFO TXN: ('Technology', 'Semiconductors')
2008-10-16 15:08:38,625 INFO UIS: ('Technology', 'Computer Services')
2008-10-16 15:08:38,625 INFO UNP: ('Transportation', 'Railroads')
2008-10-16 15:08:38,625 INFO UPS: ('Transportation', 'Air Courier')
2008-10-16 15:08:38,625 INFO VLO: ('Energy', 'Oil & Gas Operations')
2008-10-16 15:08:38,625 INFO WHR: ('Cons. Cyclical', 'Appliance & Tool')
2008-10-16 15:08:38,625 INFO WPO: ('Services', 'Printing & Publishing')
2008-10-16 15:08:38,625 INFO WY: ('Basic Materials', 'Forestry & Wood Products')
2008-10-16 15:08:38,625 INFO WYN: ('Services', 'Hotels & Motels')
2008-10-16 15:08:38,625 INFO XEL: ('Utilities', 'Electric Utilities')
2008-10-16 15:08:38,625 ERROR Not industry info for: LDK
2008-10-16 15:08:38,625 INFO new high List [0]: []
2008-10-16 15:08:38,641 INFO Bullish patterns:----------
2008-10-16 15:08:38,641 INFO Morning Star List (0): {}
2008-10-16 15:08:38,641 INFO Piercing List (0): {}
2008-10-16 15:08:38,641 INFO Harami List (0): {}
2008-10-16 15:08:38,641 INFO Bearish patterns:----------
2008-10-16 15:08:38,641 INFO Evening Star List (1): {-100: ['CPB']}
2008-10-16 15:08:38,641 INFO Shotting Star List (0): {}
2008-10-16 15:08:38,641 INFO Dark Cloud Cover List (0): {}
2008-10-16 15:08:38,687 INFO program took 791.083 s
2008-10-16 15:08:38,687 INFO program ends at: 15:08:38 10/16/08 Eastern Daylight Time
